<?xml version="1.0" encoding="UTF-8"?>
<!-- Generated by org.testng.reporters.JUnitReportReporter -->
<testsuite skipped="0" hostname="Meenas-Lenovo" name="com.training.test.leads.LeadsTest" tests="5" failures="0" timestamp="2021-10-10T19:25:28 PDT" time="127.273" errors="0">
  <testcase name="goFunctionality" time="29.856" classname="com.training.test.leads.LeadsTest"/>
  <system-out/>
  <testcase name="todaysLeads" time="17.078" classname="com.training.test.leads.LeadsTest"/>
  <system-out/>
  <testcase name="selectViewDropDown" time="22.720" classname="com.training.test.leads.LeadsTest"/>
  <system-out/>
  <testcase name="leadsHomePage" time="18.121" classname="com.training.test.leads.LeadsTest"/>
  <system-out/>
  <testcase name="createNewLeads" time="39.498" classname="com.training.test.leads.LeadsTest"/>
  <system-out/>
</testsuite> <!-- com.training.test.leads.LeadsTest -->
