<?xml version="1.0" encoding="UTF-8"?>
<!-- Generated by org.testng.reporters.JUnitReportReporter -->
<testsuite skipped="0" hostname="Meenas-Lenovo" name="com.training.test.home.HomeTest" tests="1" failures="0" timestamp="2021-09-27T00:39:12 PDT" time="37.183" errors="0">
  <testcase name="selectMySettings" time="37.183" classname="com.training.test.home.HomeTest"/>
  <system-out/>
</testsuite> <!-- com.training.test.home.HomeTest -->
