<?xml version="1.0" encoding="UTF-8"?>
<!-- Generated by org.testng.reporters.JUnitReportReporter -->
<testsuite skipped="0" hostname="Meenas-Lenovo" name="com.training.test.login.LoginTest" tests="1" failures="0" timestamp="2021-09-25T19:03:03 PDT" time="20.063" errors="0">
  <testcase name="checkRememberMe" time="20.063" classname="com.training.test.login.LoginTest"/>
  <system-out/>
</testsuite> <!-- com.training.test.login.LoginTest -->
