<?xml version="1.0" encoding="UTF-8"?>
<!-- Generated by org.testng.reporters.JUnitReportReporter -->
<testsuite skipped="0" hostname="Meenas-Lenovo" name="com.training.test.opportunities.OpportunitiesTest" tests="5" failures="0" timestamp="2021-10-10T19:25:28 PDT" time="115.425" errors="0">
  <testcase name="createOpportunity" time="25.252" classname="com.training.test.opportunities.OpportunitiesTest"/>
  <system-out/>
  <testcase name="opportunitiesDropDown" time="29.791" classname="com.training.test.opportunities.OpportunitiesTest"/>
  <system-out/>
  <testcase name="pipelineReport" time="22.459" classname="com.training.test.opportunities.OpportunitiesTest"/>
  <system-out/>
  <testcase name="quarterlySummaryReport" time="18.453" classname="com.training.test.opportunities.OpportunitiesTest"/>
  <system-out/>
  <testcase name="stuckOpportunities" time="19.470" classname="com.training.test.opportunities.OpportunitiesTest"/>
  <system-out/>
</testsuite> <!-- com.training.test.opportunities.OpportunitiesTest -->
