<?xml version="1.0" encoding="UTF-8"?>
<!-- Generated by org.testng.reporters.JUnitReportReporter -->
<testsuite skipped="0" hostname="Meenas-Lenovo" name="com.training.test.developerconsole.DeveloperConsoleTest" tests="1" failures="0" timestamp="2021-10-10T19:25:28 PDT" time="19.442" errors="0">
  <testcase name="selectDeveloperConsole" time="19.442" classname="com.training.test.developerconsole.DeveloperConsoleTest"/>
  <system-out/>
</testsuite> <!-- com.training.test.developerconsole.DeveloperConsoleTest -->
