<?xml version="1.0" encoding="UTF-8"?>
<!-- Generated by org.testng.reporters.JUnitReportReporter -->
<testsuite skipped="0" hostname="Meenas-Lenovo" name="com.training.test.home.HomeTest" tests="2" failures="0" timestamp="2021-10-10T19:25:28 PDT" time="31.102" errors="0">
  <testcase name="selectUserMenuDropDown" time="12.731" classname="com.training.test.home.HomeTest"/>
  <system-out/>
  <testcase name="logoutFromApplication" time="18.371" classname="com.training.test.home.HomeTest"/>
  <system-out/>
</testsuite> <!-- com.training.test.home.HomeTest -->
